GET -- /api/blog/list -- Mozilla/5.0 (X11; Linux x86_64) AppleWebKit/537.36 (KHTML, like Gecko) snap Chromium/80.0.3987.149 Chrome/80.0.3987.149 Safari/537.36 -- 1585450788205
GET -- /api/blog/list -- Mozilla/5.0 (X11; Linux x86_64) AppleWebKit/537.36 (KHTML, like Gecko) snap Chromium/80.0.3987.149 Chrome/80.0.3987.149 Safari/537.36 -- 1585450788592
GET -- /api/blog/list -- Mozilla/5.0 (X11; Linux x86_64) AppleWebKit/537.36 (KHTML, like Gecko) snap Chromium/80.0.3987.149 Chrome/80.0.3987.149 Safari/537.36 -- 1585450788841
GET -- /api/blog/list -- Mozilla/5.0 (X11; Linux x86_64) AppleWebKit/537.36 (KHTML, like Gecko) snap Chromium/80.0.3987.149 Chrome/80.0.3987.149 Safari/537.36 -- 1585450789093
GET -- /api/blog/list -- Mozilla/5.0 (X11; Linux x86_64) AppleWebKit/537.36 (KHTML, like Gecko) snap Chromium/80.0.3987.149 Chrome/80.0.3987.149 Safari/537.36 -- 1585450854725
GET -- /api/blog/list -- Mozilla/5.0 (X11; Linux x86_64) AppleWebKit/537.36 (KHTML, like Gecko) snap Chromium/80.0.3987.149 Chrome/80.0.3987.149 Safari/537.36 -- 1585450855052
POST -- /api/user/login -- PostmanRuntime/7.24.0 -- 1585993873522
POST -- /api/user/login -- PostmanRuntime/7.24.0 -- 1585994061067
POST -- /api/user/login -- PostmanRuntime/7.24.0 -- 1585994225750
POST -- /api/user/login -- PostmanRuntime/7.24.0 -- 1585994237862
GET -- /api/blog/list -- PostmanRuntime/7.24.0 -- 1585994276167
GET -- /api/blog/list?author=lisi -- PostmanRuntime/7.24.0 -- 1585994299660
GET -- /api/blog/list?keyword=li -- PostmanRuntime/7.24.0 -- 1585994311528
GET -- /api/blog/list?keyword=si -- PostmanRuntime/7.24.0 -- 1585994319451
GET -- /api/blog/list?keyword=lisi -- PostmanRuntime/7.24.0 -- 1585994324576
GET -- /api/blog/list?keyword=123 -- PostmanRuntime/7.24.0 -- 1585994337026
GET -- /api/blog/list?keyword=zhangsan -- PostmanRuntime/7.24.0 -- 1585994342086
GET -- /api/blog/list -- PostmanRuntime/7.24.0 -- 1585994349508
GET -- /api/blog/list?keyword=2 -- PostmanRuntime/7.24.0 -- 1585994370864
GET -- /api/blog/detail?id=1 -- PostmanRuntime/7.24.0 -- 1585994403535
